<?xml version="1.0" encoding="UTF-8"?>
<!-- Generated by org.testng.reporters.JUnitReportReporter -->
<testsuite hostname="I22171" failures="0" tests="1" name="com.okr.testcases.HomePageTest" time="1.844" errors="0" timestamp="2024-03-21T11:04:38 IST" skipped="0">
  <testcase classname="com.okr.testcases.HomePageTest" name="testHomePage" time="1.844"/>
  <system-out/>
</testsuite> <!-- com.okr.testcases.HomePageTest -->
