<?xml version="1.0" encoding="UTF-8"?>
<!-- Generated by org.testng.reporters.JUnitReportReporter -->
<testsuite hostname="DESKTOP-H8OB3OI" failures="0" tests="2" name="com.okr.testcases.orgOkrTest" time="9.213" errors="0" timestamp="2024-01-30T17:47:57 IST" skipped="0">
  <testcase classname="com.okr.testcases.orgOkrTest" name="test_loginOkr" time="2.720"/>
  <system-out/>
  <testcase classname="com.okr.testcases.orgOkrTest" name="testOrgOkrTest" time="6.493"/>
  <system-out/>
</testsuite> <!-- com.okr.testcases.orgOkrTest -->
