<?xml version="1.0" encoding="UTF-8"?>
<!-- Generated by org.testng.reporters.JUnitReportReporter -->
<testsuite hostname="DESKTOP-H8OB3OI" failures="0" tests="1" name="com.okr.testcases.login_test" time="13.095" errors="0" timestamp="2024-01-09T17:45:29 IST" skipped="0">
  <testcase classname="com.okr.testcases.login_test" name="test_login_okr" time="13.095"/>
  <system-out/>
</testsuite> <!-- com.okr.testcases.login_test -->
